[  145356ms] [ERROR] Failed to load resource: the server responded with a status of 405 () @ https://previz-engine-m1mm9ayva-valid.vercel.app/api/generate-video:0
[  147204ms] [ERROR] Failed to load resource: the server responded with a status of 400 () @ https://previz-engine-m1mm9ayva-valid.vercel.app/api/video-status:0
[  147227ms] [ERROR] Failed to load resource: the server responded with a status of 404 () @ https://previz-engine-m1mm9ayva-valid.vercel.app/api/videos:0
[  147247ms] [ERROR] Failed to load resource: the server responded with a status of 404 () @ https://previz-engine-m1mm9ayva-valid.vercel.app/api/parse-script:0
[  157149ms] [ERROR] Failed to load resource: the server responded with a status of 405 () @ https://previz-engine-m1mm9ayva-valid.vercel.app/api/generate-video:0
[  157171ms] [ERROR] Failed to load resource: the server responded with a status of 404 () @ https://previz-engine-m1mm9ayva-valid.vercel.app/api/videos:0
[  157191ms] [ERROR] Failed to load resource: the server responded with a status of 404 () @ https://previz-engine-m1mm9ayva-valid.vercel.app/api/parse-script:0
[  157212ms] [ERROR] Failed to load resource: the server responded with a status of 404 () @ https://previz-engine-m1mm9ayva-valid.vercel.app/api/videos?filter=all&limit=5&offset=0:0
[  190431ms] [ERROR] Failed to load resource: the server responded with a status of 400 () @ https://previz-engine-m1mm9ayva-valid.vercel.app/api/generate-video:0
[  190917ms] [ERROR] Failed to load resource: the server responded with a status of 500 () @ https://previz-engine-m1mm9ayva-valid.vercel.app/api/video-status?taskId=fake-task-id:0
[  207587ms] [ERROR] Failed to load resource: the server responded with a status of 400 () @ https://bjzbiwehrsaogmqzcpce.supabase.co/storage/v1/object/list/previz-videos:0
[  207604ms] [ERROR] Failed to load resource: the server responded with a status of 401 () @ https://bjzbiwehrsaogmqzcpce.supabase.co/rest/v1/:0
[  207622ms] [ERROR] Failed to load resource: the server responded with a status of 401 () @ https://bjzbiwehrsaogmqzcpce.supabase.co/auth/v1/settings:0
[  762753ms] [ERROR] Failed to load resource: the server responded with a status of 404 () @ https://previz-engine-m1mm9ayva-valid.vercel.app/_next/static/chunks/201-19a4cc31cade2f8d.js.map:0
[  762771ms] [ERROR] Failed to load resource: the server responded with a status of 404 () @ https://previz-engine-m1mm9ayva-valid.vercel.app/_next/static/chunks/app/page-a3f307fe3e29b3f9.js.map:0
[  762789ms] [ERROR] Failed to load resource: the server responded with a status of 404 () @ https://previz-engine-m1mm9ayva-valid.vercel.app/_next/static/chunks/751-2d328b17962e9c27.js.map:0
[  762808ms] [ERROR] Failed to load resource: the server responded with a status of 404 () @ https://previz-engine-m1mm9ayva-valid.vercel.app/.env:0
[  762837ms] [ERROR] Failed to load resource: the server responded with a status of 404 () @ https://previz-engine-m1mm9ayva-valid.vercel.app/.env.local:0
[  762860ms] [ERROR] Failed to load resource: the server responded with a status of 404 () @ https://previz-engine-m1mm9ayva-valid.vercel.app/env.json:0
[  762880ms] [ERROR] Failed to load resource: the server responded with a status of 404 () @ https://previz-engine-m1mm9ayva-valid.vercel.app/_next/env.json:0
[  762898ms] [ERROR] Failed to load resource: the server responded with a status of 404 () @ https://previz-engine-m1mm9ayva-valid.vercel.app/api/config:0
[  762921ms] [ERROR] Failed to load resource: the server responded with a status of 404 () @ https://previz-engine-m1mm9ayva-valid.vercel.app/api/health:0
[  762939ms] [ERROR] Failed to load resource: the server responded with a status of 404 () @ https://previz-engine-m1mm9ayva-valid.vercel.app/api/debug:0
[  762958ms] [ERROR] Failed to load resource: the server responded with a status of 404 () @ https://previz-engine-m1mm9ayva-valid.vercel.app/.git/config:0
[  763015ms] [ERROR] Failed to load resource: the server responded with a status of 404 () @ https://previz-engine-m1mm9ayva-valid.vercel.app/api/.env:0
[  782661ms] [ERROR] Failed to load resource: the server responded with a status of 400 () @ https://bjzbiwehrsaogmqzcpce.supabase.co/storage/v1/object/list/previz-videos:0
[  783283ms] [ERROR] Failed to load resource: the server responded with a status of 400 () @ https://bjzbiwehrsaogmqzcpce.supabase.co/storage/v1/object/public/previz-videos/:0
[  783653ms] [ERROR] Failed to load resource: the server responded with a status of 400 () @ https://bjzbiwehrsaogmqzcpce.supabase.co/storage/v1/object/previz-videos/test-upload.txt:0
[  783701ms] [ERROR] Failed to load resource: the server responded with a status of 401 () @ https://bjzbiwehrsaogmqzcpce.supabase.co/rest/v1/:0
